Analysis & Synthesis report for RiconoscitoreDiCodice
Mon May 22 11:36:28 2017
Quartus II 64-Bit Version 15.0.0 Build 145 04/22/2015 SJ Web Edition


---------------------
; Table of Contents ;
---------------------
  1. Legal Notice
  2. Analysis & Synthesis Summary
  3. Analysis & Synthesis Settings
  4. Parallel Compilation
  5. Analysis & Synthesis Source Files Read
  6. Analysis & Synthesis Resource Usage Summary
  7. Analysis & Synthesis Resource Utilization by Entity
  8. Analysis & Synthesis RAM Summary
  9. Analysis & Synthesis IP Cores Summary
 10. General Register Statistics
 11. Inverted Register Statistics
 12. Source assignments for ROMSchema:U3|ROMSIM:b2v_inst|altsyncram:altsyncram_component|altsyncram_6n24:auto_generated
 13. Parameter Settings for User Entity Instance: ROMSchema:U3|ROMSIM:b2v_inst|altsyncram:altsyncram_component
 14. altsyncram Parameter Settings by Entity Instance
 15. Post-Synthesis Netlist Statistics for Top Partition
 16. Elapsed Time Per Partition
 17. Analysis & Synthesis Messages



----------------
; Legal Notice ;
----------------
Copyright (C) 1991-2015 Altera Corporation. All rights reserved.
Your use of Altera Corporation's design tools, logic functions 
and other software and tools, and its AMPP partner logic 
functions, and any output files from any of the foregoing 
(including device programming or simulation files), and any 
associated documentation or information are expressly subject 
to the terms and conditions of the Altera Program License 
Subscription Agreement, the Altera Quartus II License Agreement,
the Altera MegaCore Function License Agreement, or other 
applicable license agreement, including, without limitation, 
that your use is for the sole purpose of programming logic 
devices manufactured by Altera and sold by Altera or its 
authorized distributors.  Please refer to the applicable 
agreement for further details.



+------------------------------------------------------------------------------+
; Analysis & Synthesis Summary                                                 ;
+---------------------------------+--------------------------------------------+
; Analysis & Synthesis Status     ; Successful - Mon May 22 11:36:28 2017      ;
; Quartus II 64-Bit Version       ; 15.0.0 Build 145 04/22/2015 SJ Web Edition ;
; Revision Name                   ; RiconoscitoreDiCodice                      ;
; Top-level Entity Name           ; RiconoscitoreCodice                        ;
; Family                          ; Cyclone V                                  ;
; Logic utilization (in ALMs)     ; N/A                                        ;
; Total registers                 ; 11                                         ;
; Total pins                      ; 56                                         ;
; Total virtual pins              ; 0                                          ;
; Total block memory bits         ; 9                                          ;
; Total DSP Blocks                ; 0                                          ;
; Total HSSI RX PCSs              ; 0                                          ;
; Total HSSI PMA RX Deserializers ; 0                                          ;
; Total HSSI TX PCSs              ; 0                                          ;
; Total HSSI PMA TX Serializers   ; 0                                          ;
; Total PLLs                      ; 0                                          ;
; Total DLLs                      ; 0                                          ;
+---------------------------------+--------------------------------------------+


+-------------------------------------------------------------------------------------------------------------------------------+
; Analysis & Synthesis Settings                                                                                                 ;
+---------------------------------------------------------------------------------+---------------------+-----------------------+
; Option                                                                          ; Setting             ; Default Value         ;
+---------------------------------------------------------------------------------+---------------------+-----------------------+
; Device                                                                          ; 5CSEMA5F31C6        ;                       ;
; Top-level entity name                                                           ; RiconoscitoreCodice ; RiconoscitoreDiCodice ;
; Family name                                                                     ; Cyclone V           ; Cyclone V             ;
; Use smart compilation                                                           ; Off                 ; Off                   ;
; Enable parallel Assembler and TimeQuest Timing Analyzer during compilation      ; On                  ; On                    ;
; Enable compact report table                                                     ; Off                 ; Off                   ;
; Restructure Multiplexers                                                        ; Auto                ; Auto                  ;
; MLAB Add Timing Constraints For Mixed-Port Feed-Through Mode Setting Don't Care ; Off                 ; Off                   ;
; Create Debugging Nodes for IP Cores                                             ; Off                 ; Off                   ;
; Preserve fewer node names                                                       ; On                  ; On                    ;
; Disable OpenCore Plus hardware evaluation                                       ; Off                 ; Off                   ;
; Verilog Version                                                                 ; Verilog_2001        ; Verilog_2001          ;
; VHDL Version                                                                    ; VHDL_1993           ; VHDL_1993             ;
; State Machine Processing                                                        ; Auto                ; Auto                  ;
; Safe State Machine                                                              ; Off                 ; Off                   ;
; Extract Verilog State Machines                                                  ; On                  ; On                    ;
; Extract VHDL State Machines                                                     ; On                  ; On                    ;
; Ignore Verilog initial constructs                                               ; Off                 ; Off                   ;
; Iteration limit for constant Verilog loops                                      ; 5000                ; 5000                  ;
; Iteration limit for non-constant Verilog loops                                  ; 250                 ; 250                   ;
; Add Pass-Through Logic to Inferred RAMs                                         ; On                  ; On                    ;
; Infer RAMs from Raw Logic                                                       ; On                  ; On                    ;
; Parallel Synthesis                                                              ; On                  ; On                    ;
; DSP Block Balancing                                                             ; Auto                ; Auto                  ;
; NOT Gate Push-Back                                                              ; On                  ; On                    ;
; Power-Up Don't Care                                                             ; On                  ; On                    ;
; Remove Redundant Logic Cells                                                    ; Off                 ; Off                   ;
; Remove Duplicate Registers                                                      ; On                  ; On                    ;
; Ignore CARRY Buffers                                                            ; Off                 ; Off                   ;
; Ignore CASCADE Buffers                                                          ; Off                 ; Off                   ;
; Ignore GLOBAL Buffers                                                           ; Off                 ; Off                   ;
; Ignore ROW GLOBAL Buffers                                                       ; Off                 ; Off                   ;
; Ignore LCELL Buffers                                                            ; Off                 ; Off                   ;
; Ignore SOFT Buffers                                                             ; On                  ; On                    ;
; Limit AHDL Integers to 32 Bits                                                  ; Off                 ; Off                   ;
; Optimization Technique                                                          ; Balanced            ; Balanced              ;
; Carry Chain Length                                                              ; 70                  ; 70                    ;
; Auto Carry Chains                                                               ; On                  ; On                    ;
; Auto Open-Drain Pins                                                            ; On                  ; On                    ;
; Perform WYSIWYG Primitive Resynthesis                                           ; Off                 ; Off                   ;
; Auto ROM Replacement                                                            ; On                  ; On                    ;
; Auto RAM Replacement                                                            ; On                  ; On                    ;
; Auto DSP Block Replacement                                                      ; On                  ; On                    ;
; Auto Shift Register Replacement                                                 ; Auto                ; Auto                  ;
; Allow Shift Register Merging across Hierarchies                                 ; Auto                ; Auto                  ;
; Auto Clock Enable Replacement                                                   ; On                  ; On                    ;
; Strict RAM Replacement                                                          ; Off                 ; Off                   ;
; Allow Synchronous Control Signals                                               ; On                  ; On                    ;
; Force Use of Synchronous Clear Signals                                          ; Off                 ; Off                   ;
; Auto Resource Sharing                                                           ; Off                 ; Off                   ;
; Allow Any RAM Size For Recognition                                              ; Off                 ; Off                   ;
; Allow Any ROM Size For Recognition                                              ; Off                 ; Off                   ;
; Allow Any Shift Register Size For Recognition                                   ; Off                 ; Off                   ;
; Use LogicLock Constraints during Resource Balancing                             ; On                  ; On                    ;
; Ignore translate_off and synthesis_off directives                               ; Off                 ; Off                   ;
; Timing-Driven Synthesis                                                         ; On                  ; On                    ;
; Report Parameter Settings                                                       ; On                  ; On                    ;
; Report Source Assignments                                                       ; On                  ; On                    ;
; Report Connectivity Checks                                                      ; On                  ; On                    ;
; Ignore Maximum Fan-Out Assignments                                              ; Off                 ; Off                   ;
; Synchronization Register Chain Length                                           ; 3                   ; 3                     ;
; PowerPlay Power Optimization During Synthesis                                   ; Normal compilation  ; Normal compilation    ;
; HDL message level                                                               ; Level2              ; Level2                ;
; Suppress Register Optimization Related Messages                                 ; Off                 ; Off                   ;
; Number of Removed Registers Reported in Synthesis Report                        ; 5000                ; 5000                  ;
; Number of Swept Nodes Reported in Synthesis Report                              ; 5000                ; 5000                  ;
; Number of Inverted Registers Reported in Synthesis Report                       ; 100                 ; 100                   ;
; Clock MUX Protection                                                            ; On                  ; On                    ;
; Auto Gated Clock Conversion                                                     ; Off                 ; Off                   ;
; Block Design Naming                                                             ; Auto                ; Auto                  ;
; SDC constraint protection                                                       ; Off                 ; Off                   ;
; Synthesis Effort                                                                ; Auto                ; Auto                  ;
; Shift Register Replacement - Allow Asynchronous Clear Signal                    ; On                  ; On                    ;
; Pre-Mapping Resynthesis Optimization                                            ; Off                 ; Off                   ;
; Analysis & Synthesis Message Level                                              ; Medium              ; Medium                ;
; Disable Register Merging Across Hierarchies                                     ; Auto                ; Auto                  ;
; Resource Aware Inference For Block RAM                                          ; On                  ; On                    ;
; Synthesis Seed                                                                  ; 1                   ; 1                     ;
; Automatic Parallel Synthesis                                                    ; On                  ; On                    ;
; Partial Reconfiguration Bitstream ID                                            ; Off                 ; Off                   ;
+---------------------------------------------------------------------------------+---------------------+-----------------------+


Parallel compilation was disabled, but you have multiple processors available. Enable parallel compilation to reduce compilation time.
+-------------------------------------+
; Parallel Compilation                ;
+----------------------------+--------+
; Processors                 ; Number ;
+----------------------------+--------+
; Number detected on machine ; 4      ;
; Maximum allowed            ; 1      ;
+----------------------------+--------+


+-------------------------------------------------------------------------------------------------------------------------------------------------------------------------+
; Analysis & Synthesis Source Files Read                                                                                                                                  ;
+----------------------------------+-----------------+----------------------------------+-----------------------------------------------------------------------+---------+
; File Name with User-Entered Path ; Used in Netlist ; File Type                        ; File Name with Absolute Path                                          ; Library ;
+----------------------------------+-----------------+----------------------------------+-----------------------------------------------------------------------+---------+
; ROMSIM.vhd                       ; yes             ; User Wizard-Generated File       ; C:/altera/15.0/SistemiDigitaliProgrammabili/ROMSIM.vhd                ;         ;
; ROMSchema.vhd                    ; yes             ; User VHDL File                   ; C:/altera/15.0/SistemiDigitaliProgrammabili/ROMSchema.vhd             ;         ;
; CodiceSegreto.mif                ; yes             ; User Memory Initialization File  ; C:/altera/15.0/SistemiDigitaliProgrammabili/CodiceSegreto.mif         ;         ;
; RiconoscitoreDiCodice.vhd        ; yes             ; User VHDL File                   ; C:/altera/15.0/SistemiDigitaliProgrammabili/RiconoscitoreDiCodice.vhd ;         ;
; altsyncram.tdf                   ; yes             ; Megafunction                     ; c:/altera/15.0/quartus/libraries/megafunctions/altsyncram.tdf         ;         ;
; stratix_ram_block.inc            ; yes             ; Megafunction                     ; c:/altera/15.0/quartus/libraries/megafunctions/stratix_ram_block.inc  ;         ;
; lpm_mux.inc                      ; yes             ; Megafunction                     ; c:/altera/15.0/quartus/libraries/megafunctions/lpm_mux.inc            ;         ;
; lpm_decode.inc                   ; yes             ; Megafunction                     ; c:/altera/15.0/quartus/libraries/megafunctions/lpm_decode.inc         ;         ;
; aglobal150.inc                   ; yes             ; Megafunction                     ; c:/altera/15.0/quartus/libraries/megafunctions/aglobal150.inc         ;         ;
; a_rdenreg.inc                    ; yes             ; Megafunction                     ; c:/altera/15.0/quartus/libraries/megafunctions/a_rdenreg.inc          ;         ;
; altrom.inc                       ; yes             ; Megafunction                     ; c:/altera/15.0/quartus/libraries/megafunctions/altrom.inc             ;         ;
; altram.inc                       ; yes             ; Megafunction                     ; c:/altera/15.0/quartus/libraries/megafunctions/altram.inc             ;         ;
; altdpram.inc                     ; yes             ; Megafunction                     ; c:/altera/15.0/quartus/libraries/megafunctions/altdpram.inc           ;         ;
; db/altsyncram_6n24.tdf           ; yes             ; Auto-Generated Megafunction      ; C:/altera/15.0/SistemiDigitaliProgrammabili/db/altsyncram_6n24.tdf    ;         ;
+----------------------------------+-----------------+----------------------------------+-----------------------------------------------------------------------+---------+


+-------------------------------------------------------------------+
; Analysis & Synthesis Resource Usage Summary                       ;
+---------------------------------------------+---------------------+
; Resource                                    ; Usage               ;
+---------------------------------------------+---------------------+
; Estimate of Logic utilization (ALMs needed) ; 9                   ;
;                                             ;                     ;
; Combinational ALUT usage for logic          ; 7                   ;
;     -- 7 input functions                    ; 0                   ;
;     -- 6 input functions                    ; 4                   ;
;     -- 5 input functions                    ; 1                   ;
;     -- 4 input functions                    ; 1                   ;
;     -- <=3 input functions                  ; 1                   ;
;                                             ;                     ;
; Dedicated logic registers                   ; 11                  ;
;                                             ;                     ;
; I/O pins                                    ; 56                  ;
; Total MLAB memory bits                      ; 0                   ;
; Total block memory bits                     ; 9                   ;
;                                             ;                     ;
; Total DSP Blocks                            ; 0                   ;
;                                             ;                     ;
; Maximum fan-out node                        ; secondo:U2|Equal0~3 ;
; Maximum fan-out                             ; 16                  ;
; Total fan-out                               ; 164                 ;
; Average fan-out                             ; 1.18                ;
+---------------------------------------------+---------------------+


+--------------------------------------------------------------------------------------------------------------------------------------------------------------------------------------------------------------------------------------------------------------------------+
; Analysis & Synthesis Resource Utilization by Entity                                                                                                                                                                                                                      ;
+----------------------------------------------+-------------------+--------------+-------------------+------------+------+--------------+------------------------------------------------------------------------------------------------------------------+--------------+
; Compilation Hierarchy Node                   ; LC Combinationals ; LC Registers ; Block Memory Bits ; DSP Blocks ; Pins ; Virtual Pins ; Full Hierarchy Name                                                                                              ; Library Name ;
+----------------------------------------------+-------------------+--------------+-------------------+------------+------+--------------+------------------------------------------------------------------------------------------------------------------+--------------+
; |RiconoscitoreCodice                         ; 7 (0)             ; 11 (0)       ; 9                 ; 0          ; 56   ; 0            ; |RiconoscitoreCodice                                                                                             ; work         ;
;    |Primo:U1|                                ; 1 (1)             ; 11 (11)      ; 0                 ; 0          ; 0    ; 0            ; |RiconoscitoreCodice|Primo:U1                                                                                    ; work         ;
;    |ROMSchema:U3|                            ; 0 (0)             ; 0 (0)        ; 9                 ; 0          ; 0    ; 0            ; |RiconoscitoreCodice|ROMSchema:U3                                                                                ; work         ;
;       |ROMSIM:b2v_inst|                      ; 0 (0)             ; 0 (0)        ; 9                 ; 0          ; 0    ; 0            ; |RiconoscitoreCodice|ROMSchema:U3|ROMSIM:b2v_inst                                                                ; work         ;
;          |altsyncram:altsyncram_component|   ; 0 (0)             ; 0 (0)        ; 9                 ; 0          ; 0    ; 0            ; |RiconoscitoreCodice|ROMSchema:U3|ROMSIM:b2v_inst|altsyncram:altsyncram_component                                ; work         ;
;             |altsyncram_6n24:auto_generated| ; 0 (0)             ; 0 (0)        ; 9                 ; 0          ; 0    ; 0            ; |RiconoscitoreCodice|ROMSchema:U3|ROMSIM:b2v_inst|altsyncram:altsyncram_component|altsyncram_6n24:auto_generated ; work         ;
;    |secondo:U2|                              ; 6 (6)             ; 0 (0)        ; 0                 ; 0          ; 0    ; 0            ; |RiconoscitoreCodice|secondo:U2                                                                                  ; work         ;
+----------------------------------------------+-------------------+--------------+-------------------+------------+------+--------------+------------------------------------------------------------------------------------------------------------------+--------------+
Note: For table entries with two numbers listed, the numbers in parentheses indicate the number of resources of the given type used by the specific entity alone. The numbers listed outside of parentheses indicate the total resources of the given type used by the specific entity and all of its sub-entities in the hierarchy.


+-------------------------------------------------------------------------------------------------------------------------------------------------------------------------------------------------------------+
; Analysis & Synthesis RAM Summary                                                                                                                                                                            ;
+--------------------------------------------------------------------------------------------------------+------+------+--------------+--------------+--------------+--------------+------+-------------------+
; Name                                                                                                   ; Type ; Mode ; Port A Depth ; Port A Width ; Port B Depth ; Port B Width ; Size ; MIF               ;
+--------------------------------------------------------------------------------------------------------+------+------+--------------+--------------+--------------+--------------+------+-------------------+
; ROMSchema:U3|ROMSIM:b2v_inst|altsyncram:altsyncram_component|altsyncram_6n24:auto_generated|ALTSYNCRAM ; AUTO ; ROM  ; 1            ; 9            ; --           ; --           ; 9    ; CodiceSegreto.mif ;
+--------------------------------------------------------------------------------------------------------+------+------+--------------+--------------+--------------+--------------+------+-------------------+


+-------------------------------------------------------------------------------------------------------------------------------------+
; Analysis & Synthesis IP Cores Summary                                                                                               ;
+--------+--------------+---------+--------------+--------------+---------------------------------------------------+-----------------+
; Vendor ; IP Core Name ; Version ; Release Date ; License Type ; Entity Instance                                   ; IP Include File ;
+--------+--------------+---------+--------------+--------------+---------------------------------------------------+-----------------+
; Altera ; ROM: 1-PORT  ; 15.0    ; N/A          ; N/A          ; |RiconoscitoreCodice|ROMSchema:U3|ROMSIM:b2v_inst ; ROMSIM.vhd      ;
+--------+--------------+---------+--------------+--------------+---------------------------------------------------+-----------------+


+------------------------------------------------------+
; General Register Statistics                          ;
+----------------------------------------------+-------+
; Statistic                                    ; Value ;
+----------------------------------------------+-------+
; Total registers                              ; 11    ;
; Number of registers using Synchronous Clear  ; 9     ;
; Number of registers using Synchronous Load   ; 0     ;
; Number of registers using Asynchronous Clear ; 0     ;
; Number of registers using Asynchronous Load  ; 0     ;
; Number of registers using Clock Enable       ; 0     ;
; Number of registers using Preset             ; 0     ;
+----------------------------------------------+-------+


+--------------------------------------------------+
; Inverted Register Statistics                     ;
+----------------------------------------+---------+
; Inverted Register                      ; Fan out ;
+----------------------------------------+---------+
; Primo:U1|clk                           ; 10      ;
; Total number of inverted registers = 1 ;         ;
+----------------------------------------+---------+


+--------------------------------------------------------------------------------------------------------------------+
; Source assignments for ROMSchema:U3|ROMSIM:b2v_inst|altsyncram:altsyncram_component|altsyncram_6n24:auto_generated ;
+---------------------------------+--------------------+------+------------------------------------------------------+
; Assignment                      ; Value              ; From ; To                                                   ;
+---------------------------------+--------------------+------+------------------------------------------------------+
; OPTIMIZE_POWER_DURING_SYNTHESIS ; NORMAL_COMPILATION ; -    ; -                                                    ;
+---------------------------------+--------------------+------+------------------------------------------------------+


+-----------------------------------------------------------------------------------------------------------+
; Parameter Settings for User Entity Instance: ROMSchema:U3|ROMSIM:b2v_inst|altsyncram:altsyncram_component ;
+------------------------------------+----------------------+-----------------------------------------------+
; Parameter Name                     ; Value                ; Type                                          ;
+------------------------------------+----------------------+-----------------------------------------------+
; BYTE_SIZE_BLOCK                    ; 8                    ; Untyped                                       ;
; AUTO_CARRY_CHAINS                  ; ON                   ; AUTO_CARRY                                    ;
; IGNORE_CARRY_BUFFERS               ; OFF                  ; IGNORE_CARRY                                  ;
; AUTO_CASCADE_CHAINS                ; ON                   ; AUTO_CASCADE                                  ;
; IGNORE_CASCADE_BUFFERS             ; OFF                  ; IGNORE_CASCADE                                ;
; WIDTH_BYTEENA                      ; 1                    ; Untyped                                       ;
; OPERATION_MODE                     ; ROM                  ; Untyped                                       ;
; WIDTH_A                            ; 9                    ; Signed Integer                                ;
; WIDTHAD_A                          ; 1                    ; Signed Integer                                ;
; NUMWORDS_A                         ; 1                    ; Signed Integer                                ;
; OUTDATA_REG_A                      ; UNREGISTERED         ; Untyped                                       ;
; ADDRESS_ACLR_A                     ; NONE                 ; Untyped                                       ;
; OUTDATA_ACLR_A                     ; NONE                 ; Untyped                                       ;
; WRCONTROL_ACLR_A                   ; NONE                 ; Untyped                                       ;
; INDATA_ACLR_A                      ; NONE                 ; Untyped                                       ;
; BYTEENA_ACLR_A                     ; NONE                 ; Untyped                                       ;
; WIDTH_B                            ; 1                    ; Signed Integer                                ;
; WIDTHAD_B                          ; 1                    ; Signed Integer                                ;
; NUMWORDS_B                         ; 0                    ; Signed Integer                                ;
; INDATA_REG_B                       ; CLOCK1               ; Untyped                                       ;
; WRCONTROL_WRADDRESS_REG_B          ; CLOCK1               ; Untyped                                       ;
; RDCONTROL_REG_B                    ; CLOCK1               ; Untyped                                       ;
; ADDRESS_REG_B                      ; CLOCK1               ; Untyped                                       ;
; OUTDATA_REG_B                      ; UNREGISTERED         ; Untyped                                       ;
; BYTEENA_REG_B                      ; CLOCK1               ; Untyped                                       ;
; INDATA_ACLR_B                      ; NONE                 ; Untyped                                       ;
; WRCONTROL_ACLR_B                   ; NONE                 ; Untyped                                       ;
; ADDRESS_ACLR_B                     ; NONE                 ; Untyped                                       ;
; OUTDATA_ACLR_B                     ; NONE                 ; Untyped                                       ;
; RDCONTROL_ACLR_B                   ; NONE                 ; Untyped                                       ;
; BYTEENA_ACLR_B                     ; NONE                 ; Untyped                                       ;
; WIDTH_BYTEENA_A                    ; 1                    ; Signed Integer                                ;
; WIDTH_BYTEENA_B                    ; 1                    ; Signed Integer                                ;
; RAM_BLOCK_TYPE                     ; AUTO                 ; Untyped                                       ;
; BYTE_SIZE                          ; 8                    ; Signed Integer                                ;
; READ_DURING_WRITE_MODE_MIXED_PORTS ; DONT_CARE            ; Untyped                                       ;
; READ_DURING_WRITE_MODE_PORT_A      ; NEW_DATA_NO_NBE_READ ; Untyped                                       ;
; READ_DURING_WRITE_MODE_PORT_B      ; NEW_DATA_NO_NBE_READ ; Untyped                                       ;
; INIT_FILE                          ; CodiceSegreto.mif    ; Untyped                                       ;
; INIT_FILE_LAYOUT                   ; PORT_A               ; Untyped                                       ;
; MAXIMUM_DEPTH                      ; 0                    ; Signed Integer                                ;
; CLOCK_ENABLE_INPUT_A               ; BYPASS               ; Untyped                                       ;
; CLOCK_ENABLE_INPUT_B               ; NORMAL               ; Untyped                                       ;
; CLOCK_ENABLE_OUTPUT_A              ; BYPASS               ; Untyped                                       ;
; CLOCK_ENABLE_OUTPUT_B              ; NORMAL               ; Untyped                                       ;
; CLOCK_ENABLE_CORE_A                ; USE_INPUT_CLKEN      ; Untyped                                       ;
; CLOCK_ENABLE_CORE_B                ; USE_INPUT_CLKEN      ; Untyped                                       ;
; ENABLE_ECC                         ; FALSE                ; Untyped                                       ;
; ECC_PIPELINE_STAGE_ENABLED         ; FALSE                ; Untyped                                       ;
; WIDTH_ECCSTATUS                    ; 3                    ; Signed Integer                                ;
; DEVICE_FAMILY                      ; Cyclone V            ; Untyped                                       ;
; CBXI_PARAMETER                     ; altsyncram_6n24      ; Untyped                                       ;
+------------------------------------+----------------------+-----------------------------------------------+
Note: In order to hide this table in the UI and the text report file, please set the "Show Parameter Settings in Synthesis Report" option in "Analysis and Synthesis Settings -> More Settings" to "Off".


+----------------------------------------------------------------------------------------------------------+
; altsyncram Parameter Settings by Entity Instance                                                         ;
+-------------------------------------------+--------------------------------------------------------------+
; Name                                      ; Value                                                        ;
+-------------------------------------------+--------------------------------------------------------------+
; Number of entity instances                ; 1                                                            ;
; Entity Instance                           ; ROMSchema:U3|ROMSIM:b2v_inst|altsyncram:altsyncram_component ;
;     -- OPERATION_MODE                     ; ROM                                                          ;
;     -- WIDTH_A                            ; 9                                                            ;
;     -- NUMWORDS_A                         ; 1                                                            ;
;     -- OUTDATA_REG_A                      ; UNREGISTERED                                                 ;
;     -- WIDTH_B                            ; 1                                                            ;
;     -- NUMWORDS_B                         ; 0                                                            ;
;     -- ADDRESS_REG_B                      ; CLOCK1                                                       ;
;     -- OUTDATA_REG_B                      ; UNREGISTERED                                                 ;
;     -- RAM_BLOCK_TYPE                     ; AUTO                                                         ;
;     -- READ_DURING_WRITE_MODE_MIXED_PORTS ; DONT_CARE                                                    ;
+-------------------------------------------+--------------------------------------------------------------+


+-----------------------------------------------------+
; Post-Synthesis Netlist Statistics for Top Partition ;
+-----------------------+-----------------------------+
; Type                  ; Count                       ;
+-----------------------+-----------------------------+
; arriav_ff             ; 11                          ;
;     SCLR              ; 9                           ;
;     plain             ; 2                           ;
; arriav_lcell_comb     ; 12                          ;
;     normal            ; 12                          ;
;         0 data inputs ; 2                           ;
;         1 data inputs ; 3                           ;
;         3 data inputs ; 1                           ;
;         4 data inputs ; 1                           ;
;         5 data inputs ; 1                           ;
;         6 data inputs ; 4                           ;
; boundary_port         ; 56                          ;
; stratixv_ram_block    ; 9                           ;
;                       ;                             ;
; Max LUT depth         ; 3.00                        ;
; Average LUT depth     ; 1.98                        ;
+-----------------------+-----------------------------+


+-------------------------------+
; Elapsed Time Per Partition    ;
+----------------+--------------+
; Partition Name ; Elapsed Time ;
+----------------+--------------+
; Top            ; 00:00:00     ;
+----------------+--------------+


+-------------------------------+
; Analysis & Synthesis Messages ;
+-------------------------------+
Info: *******************************************************************
Info: Running Quartus II 64-Bit Analysis & Synthesis
    Info: Version 15.0.0 Build 145 04/22/2015 SJ Web Edition
    Info: Processing started: Mon May 22 11:36:09 2017
Info: Command: quartus_map --read_settings_files=on --write_settings_files=off RiconoscitoreDiCodice -c RiconoscitoreDiCodice
Warning (20028): Parallel compilation is not licensed and has been disabled
Info (12021): Found 2 design units, including 1 entities, in source file romsim.vhd
    Info (12022): Found design unit 1: romsim-SYN
    Info (12023): Found entity 1: ROMSIM
Info (12021): Found 2 design units, including 1 entities, in source file romschema.vhd
    Info (12022): Found design unit 1: ROMSchema-bdf_type
    Info (12023): Found entity 1: ROMSchema
Info (12021): Found 6 design units, including 3 entities, in source file riconoscitoredicodice.vhd
    Info (12022): Found design unit 1: primo-Primo1
    Info (12022): Found design unit 2: secondo-secondo1
    Info (12022): Found design unit 3: RiconoscitoreCodice-Ar
    Info (12023): Found entity 1: Primo
    Info (12023): Found entity 2: secondo
    Info (12023): Found entity 3: RiconoscitoreCodice
Info (12021): Found 1 design units, including 1 entities, in source file blockrom.bdf
    Info (12023): Found entity 1: BlockRom
Info (12127): Elaborating entity "RiconoscitoreCodice" for the top level hierarchy
Info (12128): Elaborating entity "Primo" for hierarchy "Primo:U1"
Info (12128): Elaborating entity "secondo" for hierarchy "secondo:U2"
Info (12128): Elaborating entity "ROMSchema" for hierarchy "ROMSchema:U3"
Info (12128): Elaborating entity "ROMSIM" for hierarchy "ROMSchema:U3|ROMSIM:b2v_inst"
Info (12128): Elaborating entity "altsyncram" for hierarchy "ROMSchema:U3|ROMSIM:b2v_inst|altsyncram:altsyncram_component"
Info (12130): Elaborated megafunction instantiation "ROMSchema:U3|ROMSIM:b2v_inst|altsyncram:altsyncram_component"
Info (12133): Instantiated megafunction "ROMSchema:U3|ROMSIM:b2v_inst|altsyncram:altsyncram_component" with the following parameter:
    Info (12134): Parameter "address_aclr_a" = "NONE"
    Info (12134): Parameter "address_aclr_b" = "NONE"
    Info (12134): Parameter "address_reg_b" = "CLOCK1"
    Info (12134): Parameter "byte_size" = "8"
    Info (12134): Parameter "byteena_aclr_a" = "UNUSED"
    Info (12134): Parameter "byteena_aclr_b" = "NONE"
    Info (12134): Parameter "byteena_reg_b" = "CLOCK1"
    Info (12134): Parameter "clock_enable_core_a" = "USE_INPUT_CLKEN"
    Info (12134): Parameter "clock_enable_core_b" = "USE_INPUT_CLKEN"
    Info (12134): Parameter "clock_enable_input_a" = "BYPASS"
    Info (12134): Parameter "clock_enable_input_b" = "NORMAL"
    Info (12134): Parameter "clock_enable_output_a" = "BYPASS"
    Info (12134): Parameter "clock_enable_output_b" = "NORMAL"
    Info (12134): Parameter "intended_device_family" = "Cyclone V"
    Info (12134): Parameter "ecc_pipeline_stage_enabled" = "FALSE"
    Info (12134): Parameter "enable_ecc" = "FALSE"
    Info (12134): Parameter "implement_in_les" = "OFF"
    Info (12134): Parameter "indata_aclr_a" = "UNUSED"
    Info (12134): Parameter "indata_aclr_b" = "NONE"
    Info (12134): Parameter "indata_reg_b" = "CLOCK1"
    Info (12134): Parameter "init_file" = "CodiceSegreto.mif"
    Info (12134): Parameter "init_file_layout" = "PORT_A"
    Info (12134): Parameter "maximum_depth" = "0"
    Info (12134): Parameter "numwords_a" = "1"
    Info (12134): Parameter "numwords_b" = "0"
    Info (12134): Parameter "operation_mode" = "ROM"
    Info (12134): Parameter "outdata_aclr_a" = "NONE"
    Info (12134): Parameter "outdata_aclr_b" = "NONE"
    Info (12134): Parameter "outdata_reg_a" = "UNREGISTERED"
    Info (12134): Parameter "outdata_reg_b" = "UNREGISTERED"
    Info (12134): Parameter "power_up_uninitialized" = "FALSE"
    Info (12134): Parameter "ram_block_type" = "AUTO"
    Info (12134): Parameter "rdcontrol_aclr_b" = "NONE"
    Info (12134): Parameter "rdcontrol_reg_b" = "CLOCK1"
    Info (12134): Parameter "read_during_write_mode_mixed_ports" = "DONT_CARE"
    Info (12134): Parameter "read_during_write_mode_port_a" = "NEW_DATA_NO_NBE_READ"
    Info (12134): Parameter "read_during_write_mode_port_b" = "NEW_DATA_NO_NBE_READ"
    Info (12134): Parameter "stratixiv_m144k_allow_dual_clocks" = "ON"
    Info (12134): Parameter "width_a" = "9"
    Info (12134): Parameter "width_b" = "1"
    Info (12134): Parameter "width_byteena_a" = "1"
    Info (12134): Parameter "width_byteena_b" = "1"
    Info (12134): Parameter "width_eccstatus" = "3"
    Info (12134): Parameter "widthad_a" = "1"
    Info (12134): Parameter "widthad_b" = "1"
    Info (12134): Parameter "wrcontrol_aclr_a" = "UNUSED"
    Info (12134): Parameter "wrcontrol_aclr_b" = "NONE"
    Info (12134): Parameter "wrcontrol_wraddress_reg_b" = "CLOCK1"
    Info (12134): Parameter "lpm_hint" = "ENABLE_RUNTIME_MOD=NO"
    Info (12134): Parameter "lpm_type" = "altsyncram"
Info (12021): Found 1 design units, including 1 entities, in source file db/altsyncram_6n24.tdf
    Info (12023): Found entity 1: altsyncram_6n24
Info (12128): Elaborating entity "altsyncram_6n24" for hierarchy "ROMSchema:U3|ROMSIM:b2v_inst|altsyncram:altsyncram_component|altsyncram_6n24:auto_generated"
Warning (13024): Output pins are stuck at VCC or GND
    Warning (13410): Pin "Display1[6]" is stuck at GND
    Warning (13410): Pin "Display2[6]" is stuck at GND
    Warning (13410): Pin "Display2[4]" is stuck at GND
    Warning (13410): Pin "Display2[3]" is stuck at GND
    Warning (13410): Pin "Display3[6]" is stuck at GND
    Warning (13410): Pin "Display3[4]" is stuck at GND
    Warning (13410): Pin "Display3[3]" is stuck at VCC
    Warning (13410): Pin "Display4[6]" is stuck at GND
    Warning (13410): Pin "Display4[4]" is stuck at GND
    Warning (13410): Pin "Display4[2]" is stuck at VCC
    Warning (13410): Pin "Display4[1]" is stuck at VCC
    Warning (13410): Pin "Display5[2]" is stuck at VCC
    Warning (13410): Pin "Display5[1]" is stuck at VCC
Info (286030): Timing-Driven Synthesis is running
Info (16010): Generating hard_block partition "hard_block:auto_generated_inst"
    Info (16011): Adding 0 node(s), including 0 DDIO, 0 PLL, 0 transceiver and 0 LCELL
Info (21057): Implemented 82 device resources after synthesis - the final resource count might be different
    Info (21058): Implemented 11 input pins
    Info (21059): Implemented 45 output pins
    Info (21061): Implemented 17 logic cells
    Info (21064): Implemented 9 RAM segments
Info: Quartus II 64-Bit Analysis & Synthesis was successful. 0 errors, 15 warnings
    Info: Peak virtual memory: 802 megabytes
    Info: Processing ended: Mon May 22 11:36:28 2017
    Info: Elapsed time: 00:00:19
    Info: Total CPU time (on all processors): 00:00:43


